<?xml version="1.0" encoding="UTF-8"?>
<coverage generated="1689420553326" clover="3.2.0">
  <project timestamp="1689420553326" name="All files">
    <metrics statements="64" coveredstatements="64" conditionals="25" coveredconditionals="22" methods="8" coveredmethods="8" elements="97" coveredelements="94" complexity="0" loc="64" ncloc="64" packages="1" files="2" classes="2"/>
    <file name="QuerystringSerializer.ts" path="/Users/ndasim/IdeaProjects/queryserializer/src/QuerystringSerializer.ts">
      <metrics statements="62" coveredstatements="62" conditionals="25" coveredconditionals="22" methods="8" coveredmethods="8"/>
      <line num="13" count="1" type="stmt"/>
      <line num="14" count="1" type="stmt"/>
      <line num="32" count="1" type="stmt"/>
      <line num="34" count="6" type="cond" truecount="2" falsecount="0"/>
      <line num="35" count="6" type="stmt"/>
      <line num="36" count="6" type="stmt"/>
      <line num="37" count="6" type="stmt"/>
      <line num="38" count="6" type="stmt"/>
      <line num="39" count="6" type="stmt"/>
      <line num="42" count="6" type="stmt"/>
      <line num="45" count="6" type="cond" truecount="1" falsecount="0"/>
      <line num="46" count="5" type="cond" truecount="0" falsecount="1"/>
      <line num="48" count="19" type="cond" truecount="1" falsecount="0"/>
      <line num="49" count="23" type="stmt"/>
      <line num="50" count="23" type="cond" truecount="2" falsecount="0"/>
      <line num="51" count="9" type="stmt"/>
      <line num="52" count="17" type="cond" truecount="2" falsecount="0"/>
      <line num="53" count="7" type="stmt"/>
      <line num="55" count="10" type="stmt"/>
      <line num="58" count="14" type="cond" truecount="2" falsecount="0"/>
      <line num="59" count="2" type="stmt"/>
      <line num="61" count="12" type="stmt"/>
      <line num="66" count="5" type="stmt"/>
      <line num="67" count="5" type="stmt"/>
      <line num="80" count="1" type="stmt"/>
      <line num="82" count="5" type="cond" truecount="2" falsecount="0"/>
      <line num="83" count="5" type="stmt"/>
      <line num="84" count="5" type="stmt"/>
      <line num="85" count="5" type="stmt"/>
      <line num="86" count="5" type="stmt"/>
      <line num="87" count="5" type="stmt"/>
      <line num="90" count="5" type="stmt"/>
      <line num="92" count="5" type="cond" truecount="1" falsecount="0"/>
      <line num="94" count="4" type="stmt"/>
      <line num="96" count="19" type="stmt"/>
      <line num="97" count="38" type="stmt"/>
      <line num="100" count="19" type="stmt"/>
      <line num="101" count="19" type="stmt"/>
      <line num="103" count="19" type="stmt"/>
      <line num="105" count="19" type="stmt"/>
      <line num="108" count="4" type="stmt"/>
      <line num="109" count="19" type="stmt"/>
      <line num="110" count="19" type="stmt"/>
      <line num="112" count="19" type="stmt"/>
      <line num="113" count="66" type="stmt"/>
      <line num="115" count="66" type="cond" truecount="2" falsecount="0"/>
      <line num="116" count="19" type="stmt"/>
      <line num="118" count="47" type="cond" truecount="1" falsecount="0"/>
      <line num="119" count="15" type="cond" truecount="2" falsecount="0"/>
      <line num="120" count="8" type="stmt"/>
      <line num="122" count="7" type="stmt"/>
      <line num="126" count="47" type="stmt"/>
      <line num="131" count="4" type="stmt"/>
      <line num="133" count="19" type="stmt"/>
      <line num="134" count="19" type="stmt"/>
      <line num="135" count="19" type="stmt"/>
      <line num="136" count="19" type="stmt"/>
      <line num="139" count="19" type="cond" truecount="1" falsecount="1"/>
      <line num="147" count="19" type="stmt"/>
      <line num="150" count="4" type="stmt"/>
      <line num="152" count="1" type="stmt"/>
      <line num="154" count="1" type="stmt"/>
    </file>
    <file name="index.ts" path="/Users/ndasim/IdeaProjects/queryserializer/src/index.ts">
      <metrics statements="2" coveredstatements="2" conditionals="0" coveredconditionals="0" methods="0" coveredmethods="0"/>
      <line num="1" count="1" type="stmt"/>
      <line num="3" count="1" type="stmt"/>
    </file>
  </project>
</coverage>
