{"/Users/ndasim/IdeaProjects/queryserializer/src/QuerystringSerializer.ts": {"path":"/Users/ndasim/IdeaProjects/queryserializer/src/QuerystringSerializer.ts","statementMap":{"0":{"start":{"line":13,"column":0},"end":{"line":13,"column":null}},"1":{"start":{"line":32,"column":9},"end":{"line":68,"column":null}},"2":{"start":{"line":34,"column":6},"end":{"line":40,"column":null}},"3":{"start":{"line":35,"column":17},"end":{"line":35,"column":null}},"4":{"start":{"line":36,"column":18},"end":{"line":36,"column":null}},"5":{"start":{"line":37,"column":16},"end":{"line":37,"column":null}},"6":{"start":{"line":38,"column":20},"end":{"line":38,"column":null}},"7":{"start":{"line":39,"column":21},"end":{"line":39,"column":null}},"8":{"start":{"line":42,"column":29},"end":{"line":42,"column":31}},"9":{"start":{"line":45,"column":4},"end":{"line":45,"column":49}},"10":{"start":{"line":45,"column":39},"end":{"line":45,"column":49}},"11":{"start":{"line":46,"column":4},"end":{"line":46,"column":54}},"12":{"start":{"line":46,"column":44},"end":{"line":46,"column":54}},"13":{"start":{"line":48,"column":21},"end":{"line":64,"column":5}},"14":{"start":{"line":48,"column":35},"end":{"line":48,"column":null}},"15":{"start":{"line":50,"column":8},"end":{"line":62,"column":null}},"16":{"start":{"line":51,"column":10},"end":{"line":57,"column":13}},"17":{"start":{"line":52,"column":12},"end":{"line":56,"column":null}},"18":{"start":{"line":53,"column":14},"end":{"line":53,"column":97}},"19":{"start":{"line":55,"column":14},"end":{"line":55,"column":120}},"20":{"start":{"line":58,"column":15},"end":{"line":62,"column":null}},"21":{"start":{"line":59,"column":10},"end":{"line":59,"column":67}},"22":{"start":{"line":61,"column":10},"end":{"line":61,"column":90}},"23":{"start":{"line":49,"column":6},"end":{"line":63,"column":null}},"24":{"start":{"line":49,"column":17},"end":{"line":49,"column":24}},"25":{"start":{"line":66,"column":4},"end":{"line":66,"column":18}},"26":{"start":{"line":67,"column":4},"end":{"line":67,"column":34}},"27":{"start":{"line":80,"column":9},"end":{"line":151,"column":null}},"28":{"start":{"line":82,"column":6},"end":{"line":88,"column":null}},"29":{"start":{"line":83,"column":17},"end":{"line":83,"column":null}},"30":{"start":{"line":84,"column":18},"end":{"line":84,"column":null}},"31":{"start":{"line":85,"column":16},"end":{"line":85,"column":null}},"32":{"start":{"line":86,"column":20},"end":{"line":86,"column":null}},"33":{"start":{"line":87,"column":21},"end":{"line":87,"column":null}},"34":{"start":{"line":90,"column":21},"end":{"line":90,"column":23}},"35":{"start":{"line":92,"column":4},"end":{"line":92,"column":30}},"36":{"start":{"line":92,"column":20},"end":{"line":92,"column":30}},"37":{"start":{"line":94,"column":22},"end":{"line":106,"column":5}},"38":{"start":{"line":96,"column":27},"end":{"line":98,"column":7}},"39":{"start":{"line":97,"column":8},"end":{"line":97,"column":63}},"40":{"start":{"line":100,"column":32},"end":{"line":100,"column":56}},"41":{"start":{"line":101,"column":30},"end":{"line":101,"column":52}},"42":{"start":{"line":103,"column":27},"end":{"line":103,"column":90}},"43":{"start":{"line":105,"column":6},"end":{"line":105,"column":61}},"44":{"start":{"line":108,"column":21},"end":{"line":129,"column":5}},"45":{"start":{"line":109,"column":19},"end":{"line":109,"column":43}},"46":{"start":{"line":110,"column":23},"end":{"line":110,"column":29}},"47":{"start":{"line":112,"column":6},"end":{"line":128,"column":null}},"48":{"start":{"line":112,"column":19},"end":{"line":112,"column":20}},"49":{"start":{"line":113,"column":18},"end":{"line":113,"column":25}},"50":{"start":{"line":115,"column":8},"end":{"line":127,"column":null}},"51":{"start":{"line":116,"column":10},"end":{"line":116,"column":32}},"52":{"start":{"line":118,"column":10},"end":{"line":124,"column":null}},"53":{"start":{"line":119,"column":12},"end":{"line":123,"column":null}},"54":{"start":{"line":120,"column":14},"end":{"line":120,"column":33}},"55":{"start":{"line":122,"column":14},"end":{"line":122,"column":33}},"56":{"start":{"line":126,"column":10},"end":{"line":126,"column":37}},"57":{"start":{"line":131,"column":18},"end":{"line":131,"column":38}},"58":{"start":{"line":133,"column":4},"end":{"line":148,"column":null}},"59":{"start":{"line":133,"column":23},"end":{"line":133,"column":28}},"60":{"start":{"line":133,"column":19},"end":{"line":133,"column":23}},"61":{"start":{"line":134,"column":27},"end":{"line":134,"column":51}},"62":{"start":{"line":134,"column":16},"end":{"line":134,"column":18}},"63":{"start":{"line":134,"column":23},"end":{"line":134,"column":27}},"64":{"start":{"line":135,"column":25},"end":{"line":135,"column":59}},"65":{"start":{"line":136,"column":27},"end":{"line":136,"column":52}},"66":{"start":{"line":139,"column":10},"end":{"line":145,"column":36}},"67":{"start":{"line":147,"column":6},"end":{"line":147,"column":37}},"68":{"start":{"line":150,"column":4},"end":{"line":150,"column":15}},"69":{"start":{"line":14,"column":18},"end":{"line":20,"column":null}},"70":{"start":{"line":152,"column":0},"end":{"line":152,"column":null}},"71":{"start":{"line":154,"column":0},"end":{"line":154,"column":37}}},"fnMap":{"0":{"name":"(anonymous_0)","decl":{"start":{"line":13,"column":0},"end":{"line":13,"column":null}},"loc":{"start":{"line":13,"column":0},"end":{"line":13,"column":null}}},"1":{"name":"(anonymous_2)","decl":{"start":{"line":32,"column":2},"end":{"line":32,"column":9}},"loc":{"start":{"line":40,"column":67},"end":{"line":68,"column":3}}},"2":{"name":"(anonymous_3)","decl":{"start":{"line":48,"column":21},"end":{"line":48,"column":22}},"loc":{"start":{"line":48,"column":54},"end":{"line":64,"column":5}}},"3":{"name":"(anonymous_5)","decl":{"start":{"line":51,"column":30},"end":{"line":51,"column":31}},"loc":{"start":{"line":51,"column":56},"end":{"line":57,"column":11}}},"4":{"name":"(anonymous_6)","decl":{"start":{"line":80,"column":2},"end":{"line":80,"column":9}},"loc":{"start":{"line":88,"column":67},"end":{"line":151,"column":3}}},"5":{"name":"(anonymous_7)","decl":{"start":{"line":94,"column":22},"end":{"line":94,"column":23}},"loc":{"start":{"line":94,"column":34},"end":{"line":106,"column":5}}},"6":{"name":"(anonymous_8)","decl":{"start":{"line":96,"column":27},"end":{"line":96,"column":28}},"loc":{"start":{"line":96,"column":42},"end":{"line":98,"column":7}}},"7":{"name":"(anonymous_9)","decl":{"start":{"line":108,"column":21},"end":{"line":108,"column":22}},"loc":{"start":{"line":108,"column":58},"end":{"line":129,"column":5}}}},"branchMap":{"0":{"loc":{"start":{"line":34,"column":6},"end":{"line":40,"column":null}},"type":"cond-expr","locations":[{"start":{"line":40,"column":28},"end":{"line":40,"column":67}},{"start":{"line":40,"column":67},"end":{"line":40,"column":null}}]},"1":{"loc":{"start":{"line":45,"column":4},"end":{"line":45,"column":49}},"type":"if","locations":[{"start":{"line":45,"column":4},"end":{"line":45,"column":49}}]},"2":{"loc":{"start":{"line":46,"column":4},"end":{"line":46,"column":54}},"type":"if","locations":[{"start":{"line":46,"column":4},"end":{"line":46,"column":54}}]},"3":{"loc":{"start":{"line":48,"column":35},"end":{"line":48,"column":null}},"type":"if","locations":[{"start":{"line":48,"column":35},"end":{"line":48,"column":null}}]},"4":{"loc":{"start":{"line":50,"column":8},"end":{"line":62,"column":null}},"type":"if","locations":[{"start":{"line":50,"column":8},"end":{"line":62,"column":null}},{"start":{"line":58,"column":15},"end":{"line":62,"column":null}}]},"5":{"loc":{"start":{"line":52,"column":12},"end":{"line":56,"column":null}},"type":"if","locations":[{"start":{"line":52,"column":12},"end":{"line":56,"column":null}},{"start":{"line":54,"column":19},"end":{"line":56,"column":null}}]},"6":{"loc":{"start":{"line":58,"column":15},"end":{"line":62,"column":null}},"type":"if","locations":[{"start":{"line":58,"column":15},"end":{"line":62,"column":null}},{"start":{"line":60,"column":15},"end":{"line":62,"column":null}}]},"7":{"loc":{"start":{"line":82,"column":6},"end":{"line":88,"column":null}},"type":"cond-expr","locations":[{"start":{"line":88,"column":28},"end":{"line":88,"column":67}},{"start":{"line":88,"column":67},"end":{"line":88,"column":null}}]},"8":{"loc":{"start":{"line":92,"column":4},"end":{"line":92,"column":30}},"type":"if","locations":[{"start":{"line":92,"column":4},"end":{"line":92,"column":30}}]},"9":{"loc":{"start":{"line":115,"column":8},"end":{"line":127,"column":null}},"type":"if","locations":[{"start":{"line":115,"column":8},"end":{"line":127,"column":null}},{"start":{"line":117,"column":15},"end":{"line":127,"column":null}}]},"10":{"loc":{"start":{"line":118,"column":10},"end":{"line":124,"column":null}},"type":"if","locations":[{"start":{"line":118,"column":10},"end":{"line":124,"column":null}}]},"11":{"loc":{"start":{"line":119,"column":12},"end":{"line":123,"column":null}},"type":"if","locations":[{"start":{"line":119,"column":12},"end":{"line":123,"column":null}},{"start":{"line":121,"column":19},"end":{"line":123,"column":null}}]},"12":{"loc":{"start":{"line":139,"column":10},"end":{"line":145,"column":36}},"type":"cond-expr","locations":[{"start":{"line":140,"column":16},"end":{"line":140,"column":20}},{"start":{"line":141,"column":16},"end":{"line":145,"column":36}}]},"13":{"loc":{"start":{"line":141,"column":16},"end":{"line":145,"column":36}},"type":"cond-expr","locations":[{"start":{"line":142,"column":20},"end":{"line":142,"column":25}},{"start":{"line":143,"column":20},"end":{"line":145,"column":36}}]},"14":{"loc":{"start":{"line":143,"column":20},"end":{"line":145,"column":36}},"type":"cond-expr","locations":[{"start":{"line":144,"column":24},"end":{"line":144,"column":50}},{"start":{"line":145,"column":24},"end":{"line":145,"column":36}}]}},"s":{"0":1,"1":1,"2":6,"3":6,"4":6,"5":6,"6":6,"7":6,"8":6,"9":6,"10":1,"11":5,"12":0,"13":5,"14":19,"15":23,"16":9,"17":17,"18":7,"19":10,"20":14,"21":2,"22":12,"23":14,"24":23,"25":5,"26":5,"27":1,"28":5,"29":5,"30":5,"31":5,"32":5,"33":5,"34":5,"35":5,"36":1,"37":4,"38":19,"39":38,"40":19,"41":19,"42":19,"43":19,"44":4,"45":19,"46":19,"47":19,"48":19,"49":66,"50":66,"51":19,"52":47,"53":15,"54":8,"55":7,"56":47,"57":4,"58":4,"59":8,"60":19,"61":19,"62":19,"63":19,"64":19,"65":19,"66":19,"67":19,"68":4,"69":1,"70":1,"71":1},"f":{"0":1,"1":6,"2":14,"3":17,"4":5,"5":19,"6":38,"7":19},"b":{"0":[3,3],"1":[1],"2":[0],"3":[5],"4":[9,14],"5":[7,10],"6":[2,12],"7":[3,2],"8":[1],"9":[19,47],"10":[15],"11":[8,7],"12":[0,19],"13":[0,19],"14":[1,18]}}
,"/Users/ndasim/IdeaProjects/queryserializer/src/index.ts": {"path":"/Users/ndasim/IdeaProjects/queryserializer/src/index.ts","statementMap":{"0":{"start":{"line":1,"column":0},"end":{"line":1,"column":60}},"1":{"start":{"line":3,"column":0},"end":{"line":3,"column":37}}},"fnMap":{},"branchMap":{},"s":{"0":1,"1":1},"f":{},"b":{}}
}
