TN:
SF:src/QuerystringSerializer.ts
FN:13,(anonymous_0)
FN:32,(anonymous_2)
FN:48,(anonymous_3)
FN:51,(anonymous_5)
FN:80,(anonymous_6)
FN:94,(anonymous_7)
FN:96,(anonymous_8)
FN:108,(anonymous_9)
FNF:8
FNH:8
FNDA:1,(anonymous_0)
FNDA:6,(anonymous_2)
FNDA:14,(anonymous_3)
FNDA:17,(anonymous_5)
FNDA:5,(anonymous_6)
FNDA:19,(anonymous_7)
FNDA:38,(anonymous_8)
FNDA:19,(anonymous_9)
DA:13,1
DA:14,1
DA:32,1
DA:34,6
DA:35,6
DA:36,6
DA:37,6
DA:38,6
DA:39,6
DA:42,6
DA:45,6
DA:46,5
DA:48,19
DA:49,23
DA:50,23
DA:51,9
DA:52,17
DA:53,7
DA:55,10
DA:58,14
DA:59,2
DA:61,12
DA:66,5
DA:67,5
DA:80,1
DA:82,5
DA:83,5
DA:84,5
DA:85,5
DA:86,5
DA:87,5
DA:90,5
DA:92,5
DA:94,4
DA:96,19
DA:97,38
DA:100,19
DA:101,19
DA:103,19
DA:105,19
DA:108,4
DA:109,19
DA:110,19
DA:112,19
DA:113,66
DA:115,66
DA:116,19
DA:118,47
DA:119,15
DA:120,8
DA:122,7
DA:126,47
DA:131,4
DA:133,19
DA:134,19
DA:135,19
DA:136,19
DA:139,19
DA:147,19
DA:150,4
DA:152,1
DA:154,1
LF:62
LH:62
BRDA:34,0,0,3
BRDA:34,0,1,3
BRDA:45,1,0,1
BRDA:46,2,0,0
BRDA:48,3,0,5
BRDA:50,4,0,9
BRDA:50,4,1,14
BRDA:52,5,0,7
BRDA:52,5,1,10
BRDA:58,6,0,2
BRDA:58,6,1,12
BRDA:82,7,0,3
BRDA:82,7,1,2
BRDA:92,8,0,1
BRDA:115,9,0,19
BRDA:115,9,1,47
BRDA:118,10,0,15
BRDA:119,11,0,8
BRDA:119,11,1,7
BRDA:139,12,0,0
BRDA:139,12,1,19
BRDA:141,13,0,0
BRDA:141,13,1,19
BRDA:143,14,0,1
BRDA:143,14,1,18
BRF:25
BRH:22
end_of_record
TN:
SF:src/index.ts
FNF:0
FNH:0
DA:1,1
DA:3,1
LF:2
LH:2
BRF:0
BRH:0
end_of_record
